Server is ready to accept connections on port 1527.
Server is ready to accept connections on port 1527.
Connection number: 1.
Connection number: 1.
Connection number: 2.
Connection number: 2.
----------------------------------------------------------------
2007-07-30 22:38:26.635 GMT:
 Booting Derby version The Apache Software Foundation - Apache Derby - 10.1.3.1 - (417277): instance c013800d-0114-1945-37f6-ffffecf0307a
on database directory C:\Documents and Settings\MichelB\My Documents\backupYES\MTOSI\Phase2\Release\Rel2.0\GForgeNew\mtosi_1.2\simulator-30-07\mTOP-Simulator\ear\mTOP-SimulatorDB 

Database Class Loader started - derby.database.classpath=''
Connection number: 3.
Connection number: 3.
Connection number: 4.
Connection number: 4.
Connection number: 5.
Connection number: 5.
Connection number: 6.
Connection number: 6.
Connection number: 7.
Connection number: 7.
Connection number: 8.
Connection number: 8.
Connection number: 9.
Connection number: 9.
