#
# An unexpected error has been detected by Java Runtime Environment:
#
#  EXCEPTION_ACCESS_VIOLATION (0xc0000005) at pc=0x6d19ace5, pid=1372, tid=3868
#
# Java VM: Java HotSpot(TM) Client VM (1.6.0_01-b06 mixed mode, sharing)
# Problematic frame:
# C  [awt.dll+0xeace5]
#
# If you would like to submit a bug report, please visit:
#   http://java.sun.com/webapps/bugreport/crash.jsp
#

---------------  T H R E A D  ---------------

Current thread (0x03159000):  JavaThread "AWT-EventQueue-0" [_thread_in_native, id=3868]

siginfo: ExceptionCode=0xc0000005, reading address 0x00000004

Registers:
EAX=0x00000000, EBX=0x00000000, ECX=0x7ffaa000, EDX=0x03138cb8
ESP=0x032cf69c, EBP=0x00000020, ESI=0x0308ca90, EDI=0x031590e8
EIP=0x6d19ace5, EFLAGS=0x00010296

Top of Stack: (sp=0x032cf69c)
0x032cf69c:   03159000 2aa82a30 032cf6f8 2b307a88
0x032cf6ac:   0091a430 031590e8 032cf724 032cf720
0x032cf6bc:   00000020 00ff0000 0000ff00 000000ff
0x032cf6cc:   00000000 00000000 00912dd7 032cf6d8
0x032cf6dc:   00000000 032cf724 2b306c00 00000000
0x032cf6ec:   2b307a88 00000000 032cf708 032cf748
0x032cf6fc:   00912c71 00000000 00918409 00000000
0x032cf70c:   00000000 000000ff 0000ff00 00ff0000 

Instructions: (pc=0x6d19ace5)
0x6d19acd5:   c4 6a 23 6d 52 e8 a1 ad ff ff 89 86 c0 00 00 00
0x6d19ace5:   8b 40 04 8b 40 04 50 55 e8 1e 29 00 00 83 c4 08 


Stack: [0x03280000,0x032d0000),  sp=0x032cf69c,  free space=317k
Native frames: (J=compiled Java code, j=interpreted, Vv=VM code, C=native code)
C  [awt.dll+0xeace5]

[error occurred during error reporting, step 120, id 0xc0000005]

Java frames: (J=compiled Java code, j=interpreted, Vv=VM code)
j  sun.java2d.windows.Win32SurfaceData.initOps(Lsun/awt/windows/WComponentPeer;IIIIII)V+0
j  sun.java2d.windows.Win32SurfaceData.<init>(Lsun/awt/windows/WComponentPeer;Lsun/java2d/loops/SurfaceType;I)V+191
j  sun.java2d.windows.Win32SurfaceData.createData(Lsun/awt/windows/WComponentPeer;I)Lsun/java2d/windows/Win32SurfaceData;+15
j  sun.awt.Win32GraphicsConfig.createSurfaceData(Lsun/awt/windows/WComponentPeer;I)Lsun/java2d/SurfaceData;+2
j  sun.awt.windows.WComponentPeer.replaceSurfaceData(I)V+59
j  sun.awt.windows.WComponentPeer.replaceSurfaceData()V+5
j  sun.awt.windows.WComponentPeer.displayChanged()V+1
j  sun.awt.windows.WCanvasPeer.displayChanged()V+9
j  sun.awt.windows.WPanelPeer.displayChanged()V+1
j  sun.awt.windows.WWindowPeer.displayChanged()V+5
j  sun.awt.SunDisplayChanger.notifyListeners()V+65
j  sun.awt.Win32GraphicsDevice.displayChanged()V+24
j  sun.java2d.SunGraphicsEnvironment.displayChanged()V+33
j  sun.awt.Win32GraphicsEnvironment.displayChanged()V+4
j  sun.awt.windows.WToolkit$4.run()V+6
J  java.awt.event.InvocationEvent.dispatch()V
J  java.awt.EventQueue.dispatchEvent(Ljava/awt/AWTEvent;)V
J  java.awt.EventDispatchThread.pumpOneEventForFilters(I)Z
j  java.awt.EventDispatchThread.pumpEventsForFilter(ILjava/awt/Conditional;Ljava/awt/EventFilter;)V+30
j  java.awt.EventDispatchThread.pumpEventsForHierarchy(ILjava/awt/Conditional;Ljava/awt/Component;)V+11
j  java.awt.EventDispatchThread.pumpEvents(ILjava/awt/Conditional;)V+4
j  java.awt.EventDispatchThread.pumpEvents(Ljava/awt/Conditional;)V+3
j  java.awt.EventDispatchThread.run()V+9
v  ~StubRoutines::call_stub

---------------  P R O C E S S  ---------------

Java Threads: ( => current thread )
  0x00296c00 JavaThread "DestroyJavaVM" [_thread_blocked, id=576]
  0x031af800 JavaThread "TimerQueue" daemon [_thread_blocked, id=1360]
=>0x03159000 JavaThread "AWT-EventQueue-0" [_thread_in_native, id=3868]
  0x0315c000 JavaThread "AWT-Shutdown" [_thread_blocked, id=3584]
  0x02aec800 JavaThread "AWT-Windows" daemon [_thread_in_native, id=3164]
  0x02ae9c00 JavaThread "Java2D Disposer" daemon [_thread_blocked, id=660]
  0x02a5dc00 JavaThread "Low Memory Detector" daemon [_thread_blocked, id=1000]
  0x02a59000 JavaThread "CompilerThread0" daemon [_thread_blocked, id=2416]
  0x02a57c00 JavaThread "Attach Listener" daemon [_thread_blocked, id=2664]
  0x02a56c00 JavaThread "Signal Dispatcher" daemon [_thread_blocked, id=1276]
  0x02a52000 JavaThread "Finalizer" daemon [_thread_blocked, id=332]
  0x02a4dc00 JavaThread "Reference Handler" daemon [_thread_blocked, id=4000]

Other Threads:
  0x02a44800 VMThread [id=3360]
  0x02a80400 WatcherThread [id=728]

VM state:not at safepoint (normal execution)

VM Mutex/Monitor currently owned by a thread: None

Heap
 def new generation   total 960K, used 274K [0x22960000, 0x22a60000, 0x22e40000)
  eden space 896K,  23% used [0x22960000, 0x22994bb0, 0x22a40000)
  from space 64K, 100% used [0x22a40000, 0x22a50000, 0x22a50000)
  to   space 64K,   0% used [0x22a50000, 0x22a50000, 0x22a60000)
 tenured generation   total 11076K, used 8259K [0x22e40000, 0x23911000, 0x26960000)
   the space 11076K,  74% used [0x22e40000, 0x23650fe8, 0x23651000, 0x23911000)
 compacting perm gen  total 16384K, used 14133K [0x26960000, 0x27960000, 0x2a960000)
   the space 16384K,  86% used [0x26960000, 0x2772d5e8, 0x2772d600, 0x27960000)
    ro space 8192K,  66% used [0x2a960000, 0x2aeac5d0, 0x2aeac600, 0x2b160000)
    rw space 12288K,  52% used [0x2b160000, 0x2b7a8c98, 0x2b7a8e00, 0x2bd60000)

Dynamic libraries:
0x00400000 - 0x00423000 	C:\Program Files\Java\jdk1.6.0_01\jre\bin\java.exe
0x7c910000 - 0x7c9c7000 	C:\WINDOWS\system32\ntdll.dll
0x7c800000 - 0x7c905000 	C:\WINDOWS\system32\kernel32.dll
0x77da0000 - 0x77e4c000 	C:\WINDOWS\system32\ADVAPI32.dll
0x77e50000 - 0x77ee1000 	C:\WINDOWS\system32\RPCRT4.dll
0x7c340000 - 0x7c396000 	C:\Program Files\Java\jdk1.6.0_01\jre\bin\msvcr71.dll
0x6d870000 - 0x6dab7000 	C:\Program Files\Java\jdk1.6.0_01\jre\bin\client\jvm.dll
0x7e390000 - 0x7e420000 	C:\WINDOWS\system32\USER32.dll
0x77ef0000 - 0x77f37000 	C:\WINDOWS\system32\GDI32.dll
0x76ae0000 - 0x76b0f000 	C:\WINDOWS\system32\WINMM.dll
0x76320000 - 0x7633d000 	C:\WINDOWS\system32\IMM32.DLL
0x6d3c0000 - 0x6d3c8000 	C:\Program Files\Java\jdk1.6.0_01\jre\bin\hpi.dll
0x76ba0000 - 0x76bab000 	C:\WINDOWS\system32\PSAPI.DLL
0x6d820000 - 0x6d82c000 	C:\Program Files\Java\jdk1.6.0_01\jre\bin\verify.dll
0x6d460000 - 0x6d47f000 	C:\Program Files\Java\jdk1.6.0_01\jre\bin\java.dll
0x6d860000 - 0x6d86f000 	C:\Program Files\Java\jdk1.6.0_01\jre\bin\zip.dll
0x6d0b0000 - 0x6d273000 	C:\Program Files\Java\jdk1.6.0_01\jre\bin\awt.dll
0x72f50000 - 0x72f76000 	C:\WINDOWS\system32\WINSPOOL.DRV
0x77be0000 - 0x77c38000 	C:\WINDOWS\system32\msvcrt.dll
0x774a0000 - 0x775dd000 	C:\WINDOWS\system32\ole32.dll
0x5b090000 - 0x5b0c8000 	C:\WINDOWS\system32\uxtheme.dll
0x736b0000 - 0x736f9000 	C:\WINDOWS\system32\ddraw.dll
0x73b10000 - 0x73b16000 	C:\WINDOWS\system32\DCIMAN32.dll
0x6d360000 - 0x6d3b3000 	C:\Program Files\Java\jdk1.6.0_01\jre\bin\fontmanager.dll
0x74690000 - 0x746db000 	C:\WINDOWS\system32\MSCTF.dll
0x75140000 - 0x7516e000 	C:\WINDOWS\system32\msctfime.ime
0x7c9d0000 - 0x7d1f3000 	C:\WINDOWS\system32\shell32.dll
0x77f40000 - 0x77fb6000 	C:\WINDOWS\system32\SHLWAPI.dll
0x77390000 - 0x77493000 	C:\WINDOWS\WinSxS\x86_Microsoft.Windows.Common-Controls_6595b64144ccf1df_6.0.2600.2982_x-ww_ac3f9c03\comctl32.dll
0x58b50000 - 0x58bea000 	C:\WINDOWS\system32\comctl32.dll
0x6d620000 - 0x6d633000 	C:\Program Files\Java\jdk1.6.0_01\jre\bin\net.dll
0x719f0000 - 0x71a07000 	C:\WINDOWS\system32\WS2_32.dll
0x719e0000 - 0x719e8000 	C:\WINDOWS\system32\WS2HELP.dll
0x71990000 - 0x719d0000 	C:\WINDOWS\System32\mswsock.dll
0x76ed0000 - 0x76ef7000 	C:\WINDOWS\system32\DNSAPI.dll
0x76f60000 - 0x76f68000 	C:\WINDOWS\System32\winrnr.dll
0x76f10000 - 0x76f3d000 	C:\WINDOWS\system32\WLDAP32.dll
0x76f70000 - 0x76f76000 	C:\WINDOWS\system32\rasadhlp.dll
0x62e40000 - 0x62e99000 	C:\WINDOWS\system32\hnetcfg.dll
0x719d0000 - 0x719d8000 	C:\WINDOWS\System32\wshtcpip.dll
0x6d640000 - 0x6d649000 	C:\Program Files\Java\jdk1.6.0_01\jre\bin\nio.dll
0x770e0000 - 0x7716c000 	C:\WINDOWS\system32\OLEAUT32.DLL
0x10000000 - 0x10012000 	C:\Program Files\Dell\QuickSet\dadkeyb.dll
0x6fee0000 - 0x6ff34000 	C:\WINDOWS\system32\netapi32.dll
0x71a60000 - 0x71a72000 	C:\WINDOWS\system32\MPR.dll
0x75ef0000 - 0x75ef7000 	C:\WINDOWS\System32\drprov.dll
0x71b70000 - 0x71b7e000 	C:\WINDOWS\System32\ntlanman.dll
0x71c30000 - 0x71c47000 	C:\WINDOWS\System32\NETUI0.dll
0x71bf0000 - 0x71c30000 	C:\WINDOWS\System32\NETUI1.dll
0x71be0000 - 0x71be7000 	C:\WINDOWS\System32\NETRAP.dll
0x71b50000 - 0x71b63000 	C:\WINDOWS\System32\SAMLIB.dll
0x75f00000 - 0x75f09000 	C:\WINDOWS\System32\davclnt.dll
0x778e0000 - 0x779d8000 	C:\WINDOWS\system32\SETUPAPI.dll
0x77b50000 - 0x77b72000 	C:\WINDOWS\system32\appHelp.dll
0x76f80000 - 0x76fff000 	C:\WINDOWS\system32\CLBCATQ.DLL
0x77000000 - 0x770d4000 	C:\WINDOWS\system32\COMRes.dll
0x77bd0000 - 0x77bd8000 	C:\WINDOWS\system32\VERSION.dll
0x76920000 - 0x76928000 	C:\WINDOWS\system32\LINKINFO.dll
0x76930000 - 0x76956000 	C:\WINDOWS\system32\ntshrui.dll
0x76ac0000 - 0x76ad1000 	C:\WINDOWS\system32\ATL.DLL
0x76960000 - 0x76a15000 	C:\WINDOWS\system32\USERENV.dll
0x20000000 - 0x202da000 	C:\WINDOWS\system32\xpsp2res.dll

VM Arguments:
java_command: mtopsimulatorappclient.TableRowColumn2
Launcher Type: SUN_STANDARD

Environment Variables:
JAVA_HOME=C:\Program Files\Java\jdk1.6.0_01
PATH=C:\WINDOWS\system32;C:\WINDOWS;C:\WINDOWS\System32\Wbem;C:\Program Files\QuickTime\QTSystem\;C:\Program Files\Microsoft SQL Server\90\Tools\binn\;C:\Program Files\maven-2.0.5\bin;C:\glassfish\bin;C:\glassfish\lib\ant\bin;C:\Program Files\Java\jdk1.6.0_01;C:\Program Files\Java\jdk1.6.0_01\bin;C:\Program Files\docflex-doclet-1.5.0\lib;C:\Program Files\apache-ant-1.6.5\bin;C:\Sun\SDK\bin;;;xˆ
USERNAME=baptiste
OS=Windows_NT
PROCESSOR_IDENTIFIER=x86 Family 6 Model 13 Stepping 8, GenuineIntel



---------------  S Y S T E M  ---------------

OS: Windows XP Build 2600 Service Pack 2

CPU:total 1 family 6, cmov, cx8, fxsr, mmx, sse, sse2

Memory: 4k page, physical 1301884k(226448k free), swap 1924860k(934668k free)

vm_info: Java HotSpot(TM) Client VM (1.6.0_01-b06) for windows-x86, built on Mar 14 2007 00:24:02 by "java_re" with unknown MS VC++:1310

